# JRE version: OpenJDK Runtime Environment 18.9 (11.0.11+9) (build 11.0.11+9)
# Java VM: OpenJDK 64-Bit Server VM 18.9 (11.0.11+9, mixed mode, sharing, tiered, compressed oops, g1 gc, linux-amd64)
Heap:
 garbage-first heap   total 395264K, used 114211K [0x00000000e0000000, 0x0000000100000000)
  region size 1024K, 17 young (17408K), 2 survivors (2048K)
 Metaspace       used 114339K, capacity 117484K, committed 117852K, reserved 358400K
  class space    used 13832K, capacity 15038K, committed 15056K, reserved 253952K
GC Heap History (20 events):
Event: 7457.238 GC heap before
{Heap before GC invocations=161 (full 0):
 garbage-first heap   total 395264K, used 121139K [0x00000000e0000000, 0x0000000100000000)
  region size 1024K, 19 young (19456K), 1 survivors (1024K)
 Metaspace       used 113392K, capacity 116283K, committed 117340K, reserved 356352K
  class space    used 13695K, capacity 14762K, committed 15056K, reserved 253952K
}
Event: 7460.444 GC heap after
{Heap after GC invocations=162 (full 0):
 garbage-first heap   total 395264K, used 98537K [0x00000000e0000000, 0x0000000100000000)
  region size 1024K, 2 young (2048K), 2 survivors (2048K)
 Metaspace       used 113392K, capacity 116283K, committed 117340K, reserved 356352K
  class space    used 13695K, capacity 14762K, committed 15056K, reserved 253952K
}
Event: 7473.149 GC heap before
{Heap before GC invocations=162 (full 0):
 garbage-first heap   total 395264K, used 114921K [0x00000000e0000000, 0x0000000100000000)
  region size 1024K, 19 young (19456K), 2 survivors (2048K)
 Metaspace       used 113566K, capacity 116566K, committed 117596K, reserved 358400K
  class space    used 13727K, capacity 14815K, committed 15056K, reserved 253952K
}
Event: 7473.315 GC heap after
{Heap after GC invocations=163 (full 0):
 garbage-first heap   total 395264K, used 100871K [0x00000000e0000000, 0x0000000100000000)
  region size 1024K, 3 young (3072K), 3 survivors (3072K)
 Metaspace       used 113566K, capacity 116566K, committed 117596K, reserved 358400K
  class space    used 13727K, capacity 14815K, committed 15056K, reserved 253952K
}
Event: 7489.753 GC heap before
{Heap before GC invocations=164 (full 0):
 garbage-first heap   total 395264K, used 117255K [0x00000000e0000000, 0x0000000100000000)
  region size 1024K, 19 young (19456K), 3 survivors (3072K)
 Metaspace       used 113922K, capacity 117086K, committed 117596K, reserved 358400K
  class space    used 13812K, capacity 15011K, committed 15056K, reserved 253952K
}
Event: 7489.944 GC heap after
{Heap after GC invocations=165 (full 0):
 garbage-first heap   total 395264K, used 103492K [0x00000000e0000000, 0x0000000100000000)
  region size 1024K, 3 young (3072K), 3 survivors (3072K)
 Metaspace       used 113922K, capacity 117086K, committed 117596K, reserved 358400K
  class space    used 13812K, capacity 15011K, committed 15056K, reserved 253952K
}
Event: 7492.669 GC heap before
{Heap before GC invocations=165 (full 0):
 garbage-first heap   total 395264K, used 118852K [0x00000000e0000000, 0x0000000100000000)
  region size 1024K, 19 young (19456K), 3 survivors (3072K)
 Metaspace       used 114120K, capacity 117260K, committed 117852K, reserved 358400K
  class space    used 13818K, capacity 15021K, committed 15056K, reserved 253952K
}
Event: 7492.862 GC heap after
{Heap after GC invocations=166 (full 0):
 garbage-first heap   total 395264K, used 106118K [0x00000000e0000000, 0x0000000100000000)
  region size 1024K, 3 young (3072K), 3 survivors (3072K)
 Metaspace       used 114120K, capacity 117260K, committed 117852K, reserved 358400K
  class space    used 13818K, capacity 15021K, committed 15056K, reserved 253952K
}
Event: 7493.944 GC heap before
{Heap before GC invocations=166 (full 0):
 garbage-first heap   total 395264K, used 121478K [0x00000000e0000000, 0x0000000100000000)
  region size 1024K, 19 young (19456K), 3 survivors (3072K)
 Metaspace       used 114186K, capacity 117340K, committed 117852K, reserved 358400K
  class space    used 13820K, capacity 15023K, committed 15056K, reserved 253952K
}
Event: 7494.046 GC heap after
{Heap after GC invocations=167 (full 0):
 garbage-first heap   total 395264K, used 109779K [0x00000000e0000000, 0x0000000100000000)
  region size 1024K, 3 young (3072K), 3 survivors (3072K)
 Metaspace       used 114186K, capacity 117340K, committed 117852K, reserved 358400K
  class space    used 13820K, capacity 15023K, committed 15056K, reserved 253952K
}
Event: 7499.193 GC heap before
{Heap before GC invocations=167 (full 0):
 garbage-first heap   total 395264K, used 126163K [0x00000000e0000000, 0x0000000100000000)
  region size 1024K, 19 young (19456K), 3 survivors (3072K)
 Metaspace       used 114188K, capacity 117334K, committed 117852K, reserved 358400K
  class space    used 13819K, capacity 15021K, committed 15056K, reserved 253952K
}
Event: 7499.273 GC heap after
{Heap after GC invocations=168 (full 0):
 garbage-first heap   total 395264K, used 110486K [0x00000000e0000000, 0x0000000100000000)
  region size 1024K, 1 young (1024K), 1 survivors (1024K)
 Metaspace       used 114188K, capacity 117334K, committed 117852K, reserved 358400K
  class space    used 13819K, capacity 15021K, committed 15056K, reserved 253952K
}
Event: 7500.605 GC heap before
{Heap before GC invocations=169 (full 0):
 garbage-first heap   total 395264K, used 127894K [0x00000000e0000000, 0x0000000100000000)
  region size 1024K, 19 young (19456K), 1 survivors (1024K)
 Metaspace       used 114206K, capacity 117343K, committed 117852K, reserved 358400K
  class space    used 13823K, capacity 15025K, committed 15056K, reserved 253952K
}
Event: 7500.622 GC heap after
{Heap after GC invocations=170 (full 0):
 garbage-first heap   total 395264K, used 110612K [0x00000000e0000000, 0x0000000100000000)
  region size 1024K, 1 young (1024K), 1 survivors (1024K)
 Metaspace       used 114206K, capacity 117343K, committed 117852K, reserved 358400K
  class space    used 13823K, capacity 15025K, committed 15056K, reserved 253952K
}
Event: 7501.390 GC heap before
{Heap before GC invocations=170 (full 0):
 garbage-first heap   total 395264K, used 128020K [0x00000000e0000000, 0x0000000100000000)
  region size 1024K, 19 young (19456K), 1 survivors (1024K)
 Metaspace       used 114226K, capacity 117344K, committed 117852K, reserved 358400K
  class space    used 13823K, capacity 15025K, committed 15056K, reserved 253952K
}
Event: 7501.480 GC heap after
{Heap after GC invocations=171 (full 0):
 garbage-first heap   total 395264K, used 103167K [0x00000000e0000000, 0x0000000100000000)
  region size 1024K, 2 young (2048K), 2 survivors (2048K)
 Metaspace       used 114226K, capacity 117344K, committed 117852K, reserved 358400K
  class space    used 13823K, capacity 15025K, committed 15056K, reserved 253952K
}
Event: 7502.955 GC heap before
{Heap before GC invocations=171 (full 0):
 garbage-first heap   total 395264K, used 119551K [0x00000000e0000000, 0x0000000100000000)
  region size 1024K, 19 young (19456K), 2 survivors (2048K)
 Metaspace       used 114298K, capacity 117480K, committed 117852K, reserved 358400K
  class space    used 13832K, capacity 15037K, committed 15056K, reserved 253952K
}
Event: 7503.088 GC heap after
{Heap after GC invocations=172 (full 0):
 garbage-first heap   total 395264K, used 100291K [0x00000000e0000000, 0x0000000100000000)
  region size 1024K, 2 young (2048K), 2 survivors (2048K)
 Metaspace       used 114298K, capacity 117480K, committed 117852K, reserved 358400K
  class space    used 13832K, capacity 15037K, committed 15056K, reserved 253952K
}
Event: 7504.454 GC heap before
{Heap before GC invocations=172 (full 0):
 garbage-first heap   total 395264K, used 116675K [0x00000000e0000000, 0x0000000100000000)
  region size 1024K, 19 young (19456K), 2 survivors (2048K)
 Metaspace       used 114328K, capacity 117484K, committed 117852K, reserved 358400K
  class space    used 13832K, capacity 15038K, committed 15056K, reserved 253952K
}
Event: 7504.477 GC heap after
{Heap after GC invocations=173 (full 0):
 garbage-first heap   total 395264K, used 100899K [0x00000000e0000000, 0x0000000100000000)
  region size 1024K, 2 young (2048K), 2 survivors (2048K)
 Metaspace       used 114328K, capacity 117484K, committed 117852K, reserved 358400K
  class space    used 13832K, capacity 15038K, committed 15056K, reserved 253952K
}

